<?xml version="1.0" encoding="UTF-8"?>
<!-- Generated by org.testng.reporters.JUnitReportReporter -->
<testsuite hostname="SDD-56" failures="0" tests="7" name="com.hedis.automation.uitest.search.SearchTest" time="124.761" errors="0" timestamp="2021-06-15T17:20:22 IST" skipped="0">
  <testcase classname="com.hedis.automation.uitest.search.SearchTest" name="testSearchByOrg" time="3.471"/>
  <system-out/>
  <testcase classname="com.hedis.automation.uitest.search.SearchTest" name="testSearchByName" time="3.276"/>
  <system-out/>
  <testcase classname="com.hedis.automation.uitest.search.SearchTest" name="testSearchByName" time="3.236"/>
  <system-out/>
  <testcase classname="com.hedis.automation.uitest.search.SearchTest" name="testSearchByDob" time="54.958"/>
  <system-out/>
  <testcase classname="com.hedis.automation.uitest.search.SearchTest" name="testSearchByName" time="3.412"/>
  <system-out/>
  <testcase classname="com.hedis.automation.uitest.search.SearchTest" name="testSearchByName" time="53.481"/>
  <system-out/>
  <testcase classname="com.hedis.automation.uitest.search.SearchTest" name="testSearchResultIcons" time="2.927"/>
  <system-out/>
</testsuite> <!-- com.hedis.automation.uitest.search.SearchTest -->
